10:28:13.475 [main] ERROR o.s.boot.SpringApplication - Application run failed
java.lang.IllegalStateException: java.lang.IllegalStateException: Logback configuration error detected: 
ERROR in ch.qos.logback.core.joran.spi.Interpreter@20:93 - no applicable action for [triggeringPolicy], current ElementPath  is [[configuration][appender][rollingPolicy][triggeringPolicy]]
ERROR in ch.qos.logback.core.joran.spi.Interpreter@21:30 - no applicable action for [maxFileSize], current ElementPath  is [[configuration][appender][rollingPolicy][triggeringPolicy][maxFileSize]]
	at org.springframework.boot.context.logging.LoggingApplicationListener.initializeSystem(LoggingApplicationListener.java:327)
	at org.springframework.boot.context.logging.LoggingApplicationListener.initialize(LoggingApplicationListener.java:281)
	at org.springframework.boot.context.logging.LoggingApplicationListener.onApplicationEnvironmentPreparedEvent(LoggingApplicationListener.java:239)
	at org.springframework.boot.context.logging.LoggingApplicationListener.onApplicationEvent(LoggingApplicationListener.java:216)
	at org.springframework.context.event.SimpleApplicationEventMulticaster.doInvokeListener(SimpleApplicationEventMulticaster.java:176)
	at org.springframework.context.event.SimpleApplicationEventMulticaster.invokeListener(SimpleApplicationEventMulticaster.java:169)
	at org.springframework.context.event.SimpleApplicationEventMulticaster.multicastEvent(SimpleApplicationEventMulticaster.java:143)
	at org.springframework.context.event.SimpleApplicationEventMulticaster.multicastEvent(SimpleApplicationEventMulticaster.java:131)
	at org.springframework.boot.context.event.EventPublishingRunListener.environmentPrepared(EventPublishingRunListener.java:82)
	at org.springframework.boot.SpringApplicationRunListeners.lambda$environmentPrepared$2(SpringApplicationRunListeners.java:63)
	at java.base/java.util.ArrayList.forEach(ArrayList.java:1540)
	at org.springframework.boot.SpringApplicationRunListeners.doWithListeners(SpringApplicationRunListeners.java:117)
	at org.springframework.boot.SpringApplicationRunListeners.doWithListeners(SpringApplicationRunListeners.java:111)
	at org.springframework.boot.SpringApplicationRunListeners.environmentPrepared(SpringApplicationRunListeners.java:62)
	at org.springframework.boot.SpringApplication.prepareEnvironment(SpringApplication.java:362)
	at org.springframework.boot.SpringApplication.run(SpringApplication.java:320)
	at org.springframework.boot.SpringApplication.run(SpringApplication.java:1313)
	at org.springframework.boot.SpringApplication.run(SpringApplication.java:1302)
	at io.medalytics.microservice.demo.server.ConfigServer.main(ConfigServer.java:11)
Caused by: java.lang.IllegalStateException: Logback configuration error detected: 
ERROR in ch.qos.logback.core.joran.spi.Interpreter@20:93 - no applicable action for [triggeringPolicy], current ElementPath  is [[configuration][appender][rollingPolicy][triggeringPolicy]]
ERROR in ch.qos.logback.core.joran.spi.Interpreter@21:30 - no applicable action for [maxFileSize], current ElementPath  is [[configuration][appender][rollingPolicy][triggeringPolicy][maxFileSize]]
	at org.springframework.boot.logging.logback.LogbackLoggingSystem.loadConfiguration(LogbackLoggingSystem.java:179)
	at org.springframework.boot.logging.AbstractLoggingSystem.initializeWithConventions(AbstractLoggingSystem.java:80)
	at org.springframework.boot.logging.AbstractLoggingSystem.initialize(AbstractLoggingSystem.java:60)
	at org.springframework.boot.logging.logback.LogbackLoggingSystem.initialize(LogbackLoggingSystem.java:132)
	at org.springframework.boot.context.logging.LoggingApplicationListener.initializeSystem(LoggingApplicationListener.java:312)
	... 18 common frames omitted
10:29:36.336 [main] ERROR o.s.boot.SpringApplication - Application run failed
java.lang.IllegalStateException: java.lang.IllegalStateException: Logback configuration error detected: 
ERROR in ch.qos.logback.core.joran.spi.Interpreter@20:93 - no applicable action for [triggeringPolicy], current ElementPath  is [[configuration][appender][rollingPolicy][triggeringPolicy]]
ERROR in ch.qos.logback.core.joran.spi.Interpreter@21:30 - no applicable action for [maxFileSize], current ElementPath  is [[configuration][appender][rollingPolicy][triggeringPolicy][maxFileSize]]
	at org.springframework.boot.context.logging.LoggingApplicationListener.initializeSystem(LoggingApplicationListener.java:327)
	at org.springframework.boot.context.logging.LoggingApplicationListener.initialize(LoggingApplicationListener.java:281)
	at org.springframework.boot.context.logging.LoggingApplicationListener.onApplicationEnvironmentPreparedEvent(LoggingApplicationListener.java:239)
	at org.springframework.boot.context.logging.LoggingApplicationListener.onApplicationEvent(LoggingApplicationListener.java:216)
	at org.springframework.context.event.SimpleApplicationEventMulticaster.doInvokeListener(SimpleApplicationEventMulticaster.java:176)
	at org.springframework.context.event.SimpleApplicationEventMulticaster.invokeListener(SimpleApplicationEventMulticaster.java:169)
	at org.springframework.context.event.SimpleApplicationEventMulticaster.multicastEvent(SimpleApplicationEventMulticaster.java:143)
	at org.springframework.context.event.SimpleApplicationEventMulticaster.multicastEvent(SimpleApplicationEventMulticaster.java:131)
	at org.springframework.boot.context.event.EventPublishingRunListener.environmentPrepared(EventPublishingRunListener.java:82)
	at org.springframework.boot.SpringApplicationRunListeners.lambda$environmentPrepared$2(SpringApplicationRunListeners.java:63)
	at java.base/java.util.ArrayList.forEach(ArrayList.java:1540)
	at org.springframework.boot.SpringApplicationRunListeners.doWithListeners(SpringApplicationRunListeners.java:117)
	at org.springframework.boot.SpringApplicationRunListeners.doWithListeners(SpringApplicationRunListeners.java:111)
	at org.springframework.boot.SpringApplicationRunListeners.environmentPrepared(SpringApplicationRunListeners.java:62)
	at org.springframework.boot.SpringApplication.prepareEnvironment(SpringApplication.java:362)
	at org.springframework.boot.SpringApplication.run(SpringApplication.java:320)
	at org.springframework.boot.SpringApplication.run(SpringApplication.java:1313)
	at org.springframework.boot.SpringApplication.run(SpringApplication.java:1302)
	at io.medalytics.microservice.demo.server.ConfigServer.main(ConfigServer.java:11)
Caused by: java.lang.IllegalStateException: Logback configuration error detected: 
ERROR in ch.qos.logback.core.joran.spi.Interpreter@20:93 - no applicable action for [triggeringPolicy], current ElementPath  is [[configuration][appender][rollingPolicy][triggeringPolicy]]
ERROR in ch.qos.logback.core.joran.spi.Interpreter@21:30 - no applicable action for [maxFileSize], current ElementPath  is [[configuration][appender][rollingPolicy][triggeringPolicy][maxFileSize]]
	at org.springframework.boot.logging.logback.LogbackLoggingSystem.loadConfiguration(LogbackLoggingSystem.java:179)
	at org.springframework.boot.logging.AbstractLoggingSystem.initializeWithSpecificConfig(AbstractLoggingSystem.java:66)
	at org.springframework.boot.logging.AbstractLoggingSystem.initialize(AbstractLoggingSystem.java:57)
	at org.springframework.boot.logging.logback.LogbackLoggingSystem.initialize(LogbackLoggingSystem.java:132)
	at org.springframework.boot.context.logging.LoggingApplicationListener.initializeSystem(LoggingApplicationListener.java:315)
	... 18 common frames omitted
10:31:50.133 [background-preinit] INFO  o.h.validator.internal.util.Version - HV000001: Hibernate Validator 6.1.7.Final
10:31:50.228 [main] INFO  i.m.m.demo.server.ConfigServer - Starting ConfigServer using Java 12.0.2 on macs-MacBook-Pro.local with PID 16704 (/Users/ahmedsaka/Documents/microservice-demo/microservice-demo-master/config-server/target/classes started by mac in /Users/ahmedsaka/Documents/microservice-demo/microservice-demo-master)
10:31:50.243 [main] INFO  i.m.m.demo.server.ConfigServer - No active profile set, falling back to default profiles: default
10:31:58.199 [main] INFO  o.s.cloud.context.scope.GenericScope - BeanFactory id=a6d2fb1d-b4b6-3f23-80eb-ab1437f62d58
10:31:59.085 [main] INFO  o.s.b.w.e.tomcat.TomcatWebServer - Tomcat initialized with port(s): 8888 (http)
10:31:59.109 [main] INFO  o.a.coyote.http11.Http11NioProtocol - Initializing ProtocolHandler ["http-nio-8888"]
10:31:59.110 [main] INFO  o.a.catalina.core.StandardService - Starting service [Tomcat]
10:31:59.111 [main] INFO  o.a.catalina.core.StandardEngine - Starting Servlet engine: [Apache Tomcat/9.0.44]
10:31:59.391 [main] INFO  o.a.c.c.C.[Tomcat].[localhost].[/] - Initializing Spring embedded WebApplicationContext
10:31:59.392 [main] INFO  o.s.b.w.s.c.ServletWebServerApplicationContext - Root WebApplicationContext: initialization completed in 8939 ms
10:32:00.173 [main] INFO  o.s.s.c.ThreadPoolTaskExecutor - Initializing ExecutorService 'applicationTaskExecutor'
10:32:00.866 [main] WARN  o.s.b.w.s.c.AnnotationConfigServletWebServerApplicationContext - Exception encountered during context initialization - cancelling refresh attempt: org.springframework.beans.factory.BeanCreationException: Error creating bean with name 'healthContributorRegistry' defined in class path resource [org/springframework/boot/actuate/autoconfigure/health/HealthEndpointConfiguration.class]: Bean instantiation via factory method failed; nested exception is org.springframework.beans.BeanInstantiationException: Failed to instantiate [org.springframework.boot.actuate.health.HealthContributorRegistry]: Factory method 'healthContributorRegistry' threw exception; nested exception is org.springframework.beans.factory.UnsatisfiedDependencyException: Error creating bean with name 'configServerHealthIndicator' defined in class path resource [org/springframework/cloud/config/server/config/EnvironmentRepositoryConfiguration.class]: Unsatisfied dependency expressed through method 'configServerHealthIndicator' parameter 0; nested exception is org.springframework.beans.factory.UnsatisfiedDependencyException: Error creating bean with name 'org.springframework.cloud.config.server.config.CompositeConfiguration': Unsatisfied dependency expressed through method 'setEnvironmentRepos' parameter 0; nested exception is org.springframework.beans.factory.BeanCreationException: Error creating bean with name 'defaultEnvironmentRepository' defined in class path resource [org/springframework/cloud/config/server/config/DefaultRepositoryConfiguration.class]: Invocation of init method failed; nested exception is java.lang.IllegalStateException: You need to configure a uri for the git repository.
10:32:00.868 [main] INFO  o.s.s.c.ThreadPoolTaskExecutor - Shutting down ExecutorService 'applicationTaskExecutor'
10:32:00.877 [main] INFO  o.a.catalina.core.StandardService - Stopping service [Tomcat]
10:32:00.932 [main] INFO  o.s.b.a.l.ConditionEvaluationReportLoggingListener - 

Error starting ApplicationContext. To display the conditions report re-run your application with 'debug' enabled.
10:32:00.970 [main] ERROR o.s.b.d.LoggingFailureAnalysisReporter - 

***************************
APPLICATION FAILED TO START
***************************

Description:

Invalid config server configuration.

Action:

If you are using the git profile, you need to set a Git URI in your configuration.  If you are using a native profile and have spring.cloud.config.server.bootstrap=true, you need to use a composite configuration.

10:37:30.238 [main] INFO  i.m.m.demo.server.ConfigServer - Starting ConfigServer using Java 12.0.2 on macs-MacBook-Pro.local with PID 16746 (/Users/ahmedsaka/Documents/microservice-demo/microservice-demo-master/config-server/target/classes started by mac in /Users/ahmedsaka/Documents/microservice-demo/microservice-demo-master)
10:37:30.239 [background-preinit] INFO  o.h.validator.internal.util.Version - HV000001: Hibernate Validator 6.1.7.Final
10:37:30.250 [main] INFO  i.m.m.demo.server.ConfigServer - No active profile set, falling back to default profiles: default
10:37:35.550 [main] INFO  o.s.cloud.context.scope.GenericScope - BeanFactory id=a6d2fb1d-b4b6-3f23-80eb-ab1437f62d58
10:37:36.452 [main] INFO  o.s.b.w.e.tomcat.TomcatWebServer - Tomcat initialized with port(s): 8888 (http)
10:37:36.469 [main] INFO  o.a.coyote.http11.Http11NioProtocol - Initializing ProtocolHandler ["http-nio-8888"]
10:37:36.470 [main] INFO  o.a.catalina.core.StandardService - Starting service [Tomcat]
10:37:36.470 [main] INFO  o.a.catalina.core.StandardEngine - Starting Servlet engine: [Apache Tomcat/9.0.44]
10:37:36.781 [main] INFO  o.a.c.c.C.[Tomcat].[localhost].[/] - Initializing Spring embedded WebApplicationContext
10:37:36.782 [main] INFO  o.s.b.w.s.c.ServletWebServerApplicationContext - Root WebApplicationContext: initialization completed in 6399 ms
10:37:37.570 [main] INFO  o.s.s.c.ThreadPoolTaskExecutor - Initializing ExecutorService 'applicationTaskExecutor'
10:37:38.191 [main] WARN  o.s.b.w.s.c.AnnotationConfigServletWebServerApplicationContext - Exception encountered during context initialization - cancelling refresh attempt: org.springframework.beans.factory.BeanCreationException: Error creating bean with name 'healthContributorRegistry' defined in class path resource [org/springframework/boot/actuate/autoconfigure/health/HealthEndpointConfiguration.class]: Bean instantiation via factory method failed; nested exception is org.springframework.beans.BeanInstantiationException: Failed to instantiate [org.springframework.boot.actuate.health.HealthContributorRegistry]: Factory method 'healthContributorRegistry' threw exception; nested exception is org.springframework.beans.factory.UnsatisfiedDependencyException: Error creating bean with name 'configServerHealthIndicator' defined in class path resource [org/springframework/cloud/config/server/config/EnvironmentRepositoryConfiguration.class]: Unsatisfied dependency expressed through method 'configServerHealthIndicator' parameter 0; nested exception is org.springframework.beans.factory.UnsatisfiedDependencyException: Error creating bean with name 'org.springframework.cloud.config.server.config.CompositeConfiguration': Unsatisfied dependency expressed through method 'setEnvironmentRepos' parameter 0; nested exception is org.springframework.beans.factory.BeanCreationException: Error creating bean with name 'defaultEnvironmentRepository' defined in class path resource [org/springframework/cloud/config/server/config/DefaultRepositoryConfiguration.class]: Invocation of init method failed; nested exception is java.lang.IllegalStateException: You need to configure a uri for the git repository.
10:37:38.192 [main] INFO  o.s.s.c.ThreadPoolTaskExecutor - Shutting down ExecutorService 'applicationTaskExecutor'
10:37:38.198 [main] INFO  o.a.catalina.core.StandardService - Stopping service [Tomcat]
10:37:38.225 [main] INFO  o.s.b.a.l.ConditionEvaluationReportLoggingListener - 

Error starting ApplicationContext. To display the conditions report re-run your application with 'debug' enabled.
10:37:38.267 [main] ERROR o.s.b.d.LoggingFailureAnalysisReporter - 

***************************
APPLICATION FAILED TO START
***************************

Description:

Invalid config server configuration.

Action:

If you are using the git profile, you need to set a Git URI in your configuration.  If you are using a native profile and have spring.cloud.config.server.bootstrap=true, you need to use a composite configuration.

10:38:39.808 [background-preinit] INFO  o.h.validator.internal.util.Version - HV000001: Hibernate Validator 6.1.7.Final
10:38:39.867 [main] INFO  i.m.m.demo.server.ConfigServer - Starting ConfigServer using Java 12.0.2 on macs-MacBook-Pro.local with PID 16758 (/Users/ahmedsaka/Documents/microservice-demo/microservice-demo-master/config-server/target/classes started by mac in /Users/ahmedsaka/Documents/microservice-demo/microservice-demo-master)
10:38:39.871 [main] INFO  i.m.m.demo.server.ConfigServer - No active profile set, falling back to default profiles: default
10:38:44.941 [main] INFO  o.s.cloud.context.scope.GenericScope - BeanFactory id=a6d2fb1d-b4b6-3f23-80eb-ab1437f62d58
10:38:46.714 [main] INFO  o.s.b.w.e.tomcat.TomcatWebServer - Tomcat initialized with port(s): 8888 (http)
10:38:46.740 [main] INFO  o.a.coyote.http11.Http11NioProtocol - Initializing ProtocolHandler ["http-nio-8888"]
10:38:46.741 [main] INFO  o.a.catalina.core.StandardService - Starting service [Tomcat]
10:38:46.742 [main] INFO  o.a.catalina.core.StandardEngine - Starting Servlet engine: [Apache Tomcat/9.0.44]
10:38:47.197 [main] INFO  o.a.c.c.C.[Tomcat].[localhost].[/] - Initializing Spring embedded WebApplicationContext
10:38:47.198 [main] INFO  o.s.b.w.s.c.ServletWebServerApplicationContext - Root WebApplicationContext: initialization completed in 7074 ms
10:38:48.862 [main] INFO  o.s.s.c.ThreadPoolTaskExecutor - Initializing ExecutorService 'applicationTaskExecutor'
10:38:49.766 [main] WARN  o.s.b.w.s.c.AnnotationConfigServletWebServerApplicationContext - Exception encountered during context initialization - cancelling refresh attempt: org.springframework.beans.factory.BeanCreationException: Error creating bean with name 'healthContributorRegistry' defined in class path resource [org/springframework/boot/actuate/autoconfigure/health/HealthEndpointConfiguration.class]: Bean instantiation via factory method failed; nested exception is org.springframework.beans.BeanInstantiationException: Failed to instantiate [org.springframework.boot.actuate.health.HealthContributorRegistry]: Factory method 'healthContributorRegistry' threw exception; nested exception is org.springframework.beans.factory.UnsatisfiedDependencyException: Error creating bean with name 'configServerHealthIndicator' defined in class path resource [org/springframework/cloud/config/server/config/EnvironmentRepositoryConfiguration.class]: Unsatisfied dependency expressed through method 'configServerHealthIndicator' parameter 0; nested exception is org.springframework.beans.factory.UnsatisfiedDependencyException: Error creating bean with name 'org.springframework.cloud.config.server.config.CompositeConfiguration': Unsatisfied dependency expressed through method 'setEnvironmentRepos' parameter 0; nested exception is org.springframework.beans.factory.BeanCreationException: Error creating bean with name 'defaultEnvironmentRepository' defined in class path resource [org/springframework/cloud/config/server/config/DefaultRepositoryConfiguration.class]: Invocation of init method failed; nested exception is java.lang.IllegalStateException: You need to configure a uri for the git repository.
10:38:49.768 [main] INFO  o.s.s.c.ThreadPoolTaskExecutor - Shutting down ExecutorService 'applicationTaskExecutor'
10:38:49.775 [main] INFO  o.a.catalina.core.StandardService - Stopping service [Tomcat]
10:38:49.811 [main] INFO  o.s.b.a.l.ConditionEvaluationReportLoggingListener - 

Error starting ApplicationContext. To display the conditions report re-run your application with 'debug' enabled.
10:38:49.844 [main] ERROR o.s.b.d.LoggingFailureAnalysisReporter - 

***************************
APPLICATION FAILED TO START
***************************

Description:

Invalid config server configuration.

Action:

If you are using the git profile, you need to set a Git URI in your configuration.  If you are using a native profile and have spring.cloud.config.server.bootstrap=true, you need to use a composite configuration.

10:41:13.096 [background-preinit] INFO  o.h.validator.internal.util.Version - HV000001: Hibernate Validator 6.1.7.Final
10:41:13.118 [main] INFO  i.m.m.demo.server.ConfigServer - Starting ConfigServer using Java 12.0.2 on macs-MacBook-Pro.local with PID 16785 (/Users/ahmedsaka/Documents/microservice-demo/microservice-demo-master/config-server/target/classes started by mac in /Users/ahmedsaka/Documents/microservice-demo/microservice-demo-master)
10:41:13.120 [main] INFO  i.m.m.demo.server.ConfigServer - The following profiles are active: native
10:41:17.589 [main] INFO  o.s.cloud.context.scope.GenericScope - BeanFactory id=f7713404-3bcd-34c5-af70-8ee0f97428d4
10:41:18.608 [main] INFO  o.s.b.w.e.tomcat.TomcatWebServer - Tomcat initialized with port(s): 8888 (http)
10:41:18.638 [main] INFO  o.a.coyote.http11.Http11NioProtocol - Initializing ProtocolHandler ["http-nio-8888"]
10:41:18.639 [main] INFO  o.a.catalina.core.StandardService - Starting service [Tomcat]
10:41:18.640 [main] INFO  o.a.catalina.core.StandardEngine - Starting Servlet engine: [Apache Tomcat/9.0.44]
10:41:19.378 [main] INFO  o.a.c.c.C.[Tomcat].[localhost].[/] - Initializing Spring embedded WebApplicationContext
10:41:19.378 [main] INFO  o.s.b.w.s.c.ServletWebServerApplicationContext - Root WebApplicationContext: initialization completed in 6133 ms
10:41:20.675 [main] INFO  o.s.s.c.ThreadPoolTaskExecutor - Initializing ExecutorService 'applicationTaskExecutor'
10:41:21.973 [main] INFO  o.s.b.a.e.web.EndpointLinksResolver - Exposing 2 endpoint(s) beneath base path '/actuator'
10:41:22.033 [main] INFO  o.a.coyote.http11.Http11NioProtocol - Starting ProtocolHandler ["http-nio-8888"]
10:41:22.067 [main] INFO  o.s.b.w.e.tomcat.TomcatWebServer - Tomcat started on port(s): 8888 (http) with context path ''
10:41:22.103 [main] INFO  i.m.m.demo.server.ConfigServer - Started ConfigServer in 10.741 seconds (JVM running for 12.11)
10:47:08.501 [SpringContextShutdownHook] INFO  o.s.s.c.ThreadPoolTaskExecutor - Shutting down ExecutorService 'applicationTaskExecutor'
10:47:14.034 [background-preinit] INFO  o.h.validator.internal.util.Version - HV000001: Hibernate Validator 6.1.7.Final
10:47:14.173 [main] INFO  i.m.m.demo.server.ConfigServer - Starting ConfigServer using Java 12.0.2 on macs-MacBook-Pro.local with PID 16834 (/Users/ahmedsaka/Documents/microservice-demo/microservice-demo-master/config-server/target/classes started by mac in /Users/ahmedsaka/Documents/microservice-demo/microservice-demo-master)
10:47:14.176 [main] INFO  i.m.m.demo.server.ConfigServer - The following profiles are active: native
10:47:18.546 [main] INFO  o.s.cloud.context.scope.GenericScope - BeanFactory id=f7713404-3bcd-34c5-af70-8ee0f97428d4
10:47:19.783 [main] INFO  o.s.b.w.e.tomcat.TomcatWebServer - Tomcat initialized with port(s): 8888 (http)
10:47:19.805 [main] INFO  o.a.coyote.http11.Http11NioProtocol - Initializing ProtocolHandler ["http-nio-8888"]
10:47:19.806 [main] INFO  o.a.catalina.core.StandardService - Starting service [Tomcat]
10:47:19.807 [main] INFO  o.a.catalina.core.StandardEngine - Starting Servlet engine: [Apache Tomcat/9.0.44]
10:47:20.178 [main] INFO  o.a.c.c.C.[Tomcat].[localhost].[/] - Initializing Spring embedded WebApplicationContext
10:47:20.178 [main] INFO  o.s.b.w.s.c.ServletWebServerApplicationContext - Root WebApplicationContext: initialization completed in 5862 ms
10:47:20.924 [main] INFO  o.s.s.c.ThreadPoolTaskExecutor - Initializing ExecutorService 'applicationTaskExecutor'
10:47:22.028 [main] INFO  o.s.b.a.e.web.EndpointLinksResolver - Exposing 2 endpoint(s) beneath base path '/actuator'
10:47:22.076 [main] INFO  o.a.coyote.http11.Http11NioProtocol - Starting ProtocolHandler ["http-nio-8888"]
10:47:22.107 [main] INFO  o.s.b.w.e.tomcat.TomcatWebServer - Tomcat started on port(s): 8888 (http) with context path ''
10:47:22.152 [main] INFO  i.m.m.demo.server.ConfigServer - Started ConfigServer in 9.667 seconds (JVM running for 11.152)
10:59:47.241 [http-nio-8888-exec-1] INFO  o.a.c.c.C.[Tomcat].[localhost].[/] - Initializing Spring DispatcherServlet 'dispatcherServlet'
10:59:47.242 [http-nio-8888-exec-1] INFO  o.s.web.servlet.DispatcherServlet - Initializing Servlet 'dispatcherServlet'
10:59:47.259 [http-nio-8888-exec-1] INFO  o.s.web.servlet.DispatcherServlet - Completed initialization in 16 ms
11:18:53.769 [http-nio-8888-exec-5] INFO  o.s.c.c.s.e.NativeEnvironmentRepository - Adding property source: Config resource 'class path resource [application.yml]' via location 'classpath:/'
11:26:54.141 [SpringContextShutdownHook] INFO  o.s.s.c.ThreadPoolTaskExecutor - Shutting down ExecutorService 'applicationTaskExecutor'
11:26:59.610 [background-preinit] INFO  o.h.validator.internal.util.Version - HV000001: Hibernate Validator 6.1.7.Final
11:26:59.805 [main] INFO  i.m.m.demo.server.ConfigServer - Starting ConfigServer using Java 12.0.2 on macs-MacBook-Pro.local with PID 17067 (/Users/ahmedsaka/Documents/microservice-demo/microservice-demo-master/config-server/target/classes started by mac in /Users/ahmedsaka/Documents/microservice-demo/microservice-demo-master)
11:26:59.807 [main] INFO  i.m.m.demo.server.ConfigServer - The following profiles are active: native
11:27:02.784 [main] INFO  o.s.cloud.context.scope.GenericScope - BeanFactory id=f7713404-3bcd-34c5-af70-8ee0f97428d4
11:27:03.538 [main] INFO  o.s.b.w.e.tomcat.TomcatWebServer - Tomcat initialized with port(s): 8888 (http)
11:27:03.567 [main] INFO  o.a.coyote.http11.Http11NioProtocol - Initializing ProtocolHandler ["http-nio-8888"]
11:27:03.568 [main] INFO  o.a.catalina.core.StandardService - Starting service [Tomcat]
11:27:03.569 [main] INFO  o.a.catalina.core.StandardEngine - Starting Servlet engine: [Apache Tomcat/9.0.44]
11:27:04.024 [main] INFO  o.a.c.c.C.[Tomcat].[localhost].[/] - Initializing Spring embedded WebApplicationContext
11:27:04.024 [main] INFO  o.s.b.w.s.c.ServletWebServerApplicationContext - Root WebApplicationContext: initialization completed in 4083 ms
11:27:05.393 [main] INFO  o.s.s.c.ThreadPoolTaskExecutor - Initializing ExecutorService 'applicationTaskExecutor'
11:27:07.576 [main] INFO  o.s.b.a.e.web.EndpointLinksResolver - Exposing 2 endpoint(s) beneath base path '/actuator'
11:27:07.674 [main] INFO  o.a.coyote.http11.Http11NioProtocol - Starting ProtocolHandler ["http-nio-8888"]
11:27:07.745 [main] INFO  o.s.b.w.e.tomcat.TomcatWebServer - Tomcat started on port(s): 8888 (http) with context path ''
11:27:07.823 [main] INFO  i.m.m.demo.server.ConfigServer - Started ConfigServer in 10.087 seconds (JVM running for 11.714)
11:27:51.315 [http-nio-8888-exec-1] INFO  o.a.c.c.C.[Tomcat].[localhost].[/] - Initializing Spring DispatcherServlet 'dispatcherServlet'
11:27:51.316 [http-nio-8888-exec-1] INFO  o.s.web.servlet.DispatcherServlet - Initializing Servlet 'dispatcherServlet'
11:27:51.318 [http-nio-8888-exec-1] INFO  o.s.web.servlet.DispatcherServlet - Completed initialization in 2 ms
11:27:51.413 [http-nio-8888-exec-1] INFO  o.s.c.c.s.e.NativeEnvironmentRepository - Adding property source: Config resource 'class path resource [application.yml]' via location 'classpath:/'
11:29:37.449 [http-nio-8888-exec-3] INFO  o.s.c.c.s.e.NativeEnvironmentRepository - Adding property source: Config resource 'class path resource [application.yml]' via location 'classpath:/'
08:00:05.648 [main] INFO  i.m.m.demo.server.ConfigServer - Starting ConfigServer using Java 13.0.2 on ISW-ENGR-AS with PID 7284 (C:\Users\ahmed.saka\Documents\microservice-demo-master\config-server\target\classes started by ahmed.saka in C:\Users\ahmed.saka\Documents\microservice-demo-master)
08:00:05.662 [main] INFO  i.m.m.demo.server.ConfigServer - The following profiles are active: native
08:00:05.824 [background-preinit] INFO  o.h.validator.internal.util.Version - HV000001: Hibernate Validator 6.1.7.Final
08:00:11.351 [main] INFO  o.s.cloud.context.scope.GenericScope - BeanFactory id=f7713404-3bcd-34c5-af70-8ee0f97428d4
08:00:14.827 [main] INFO  o.s.b.w.e.tomcat.TomcatWebServer - Tomcat initialized with port(s): 8888 (http)
08:00:14.857 [main] INFO  o.a.coyote.http11.Http11NioProtocol - Initializing ProtocolHandler ["http-nio-8888"]
08:00:14.859 [main] INFO  o.a.catalina.core.StandardService - Starting service [Tomcat]
08:00:14.860 [main] INFO  o.a.catalina.core.StandardEngine - Starting Servlet engine: [Apache Tomcat/9.0.44]
08:00:16.361 [main] INFO  o.a.c.c.C.[Tomcat].[localhost].[/] - Initializing Spring embedded WebApplicationContext
08:00:16.363 [main] INFO  o.s.b.w.s.c.ServletWebServerApplicationContext - Root WebApplicationContext: initialization completed in 10305 ms
08:00:17.932 [main] INFO  o.s.s.c.ThreadPoolTaskExecutor - Initializing ExecutorService 'applicationTaskExecutor'
08:00:25.582 [main] INFO  o.s.b.a.e.web.EndpointLinksResolver - Exposing 2 endpoint(s) beneath base path '/actuator'
08:00:25.653 [main] INFO  o.a.coyote.http11.Http11NioProtocol - Starting ProtocolHandler ["http-nio-8888"]
08:00:27.406 [main] INFO  o.s.b.w.e.tomcat.TomcatWebServer - Tomcat started on port(s): 8888 (http) with context path ''
08:00:31.885 [main] INFO  i.m.m.demo.server.ConfigServer - Started ConfigServer in 36.149 seconds (JVM running for 43.692)
08:02:08.797 [http-nio-8888-exec-1] INFO  o.a.c.c.C.[Tomcat].[localhost].[/] - Initializing Spring DispatcherServlet 'dispatcherServlet'
08:02:08.799 [http-nio-8888-exec-1] INFO  o.s.web.servlet.DispatcherServlet - Initializing Servlet 'dispatcherServlet'
08:02:08.802 [http-nio-8888-exec-1] INFO  o.s.web.servlet.DispatcherServlet - Completed initialization in 3 ms
08:02:09.017 [http-nio-8888-exec-1] INFO  o.s.c.c.s.e.NativeEnvironmentRepository - Adding property source: Config resource 'class path resource [application.yml]' via location 'classpath:/'
08:02:09.857 [http-nio-8888-exec-2] INFO  o.s.c.c.s.e.NativeEnvironmentRepository - Adding property source: Config resource 'class path resource [application.yml]' via location 'classpath:/'
11:38:02.285 [background-preinit] INFO  o.h.validator.internal.util.Version - HV000001: Hibernate Validator 6.1.7.Final
11:38:02.313 [main] INFO  i.m.m.demo.server.ConfigServer - Starting ConfigServer using Java 12.0.2 on macs-MacBook-Pro.local with PID 22179 (/Users/ahmedsaka/Documents/microservice-demo/microservice-demo-master/config-server/target/classes started by mac in /Users/ahmedsaka/Documents/microservice-demo/microservice-demo-master)
11:38:02.315 [main] INFO  i.m.m.demo.server.ConfigServer - The following profiles are active: native
11:38:05.837 [main] INFO  o.s.cloud.context.scope.GenericScope - BeanFactory id=f7713404-3bcd-34c5-af70-8ee0f97428d4
11:38:06.575 [main] INFO  o.s.b.w.e.tomcat.TomcatWebServer - Tomcat initialized with port(s): 8888 (http)
11:38:06.591 [main] INFO  o.a.coyote.http11.Http11NioProtocol - Initializing ProtocolHandler ["http-nio-8888"]
11:38:06.592 [main] INFO  o.a.catalina.core.StandardService - Starting service [Tomcat]
11:38:06.593 [main] INFO  o.a.catalina.core.StandardEngine - Starting Servlet engine: [Apache Tomcat/9.0.44]
11:38:06.811 [main] INFO  o.a.c.c.C.[Tomcat].[localhost].[/] - Initializing Spring embedded WebApplicationContext
11:38:06.811 [main] INFO  o.s.b.w.s.c.ServletWebServerApplicationContext - Root WebApplicationContext: initialization completed in 4386 ms
11:38:07.727 [main] INFO  o.s.s.c.ThreadPoolTaskExecutor - Initializing ExecutorService 'applicationTaskExecutor'
11:38:08.760 [main] INFO  o.s.b.a.e.web.EndpointLinksResolver - Exposing 2 endpoint(s) beneath base path '/actuator'
11:38:08.796 [main] INFO  o.a.coyote.http11.Http11NioProtocol - Starting ProtocolHandler ["http-nio-8888"]
11:38:08.828 [main] INFO  o.s.b.w.e.tomcat.TomcatWebServer - Tomcat started on port(s): 8888 (http) with context path ''
11:38:08.864 [main] INFO  i.m.m.demo.server.ConfigServer - Started ConfigServer in 8.238 seconds (JVM running for 9.452)
11:38:34.938 [http-nio-8888-exec-1] INFO  o.a.c.c.C.[Tomcat].[localhost].[/] - Initializing Spring DispatcherServlet 'dispatcherServlet'
11:38:34.939 [http-nio-8888-exec-1] INFO  o.s.web.servlet.DispatcherServlet - Initializing Servlet 'dispatcherServlet'
11:38:34.942 [http-nio-8888-exec-1] INFO  o.s.web.servlet.DispatcherServlet - Completed initialization in 3 ms
11:38:35.157 [http-nio-8888-exec-1] INFO  o.s.c.c.s.e.NativeEnvironmentRepository - Adding property source: Config resource 'class path resource [application.yml]' via location 'classpath:/'
11:38:35.467 [http-nio-8888-exec-2] INFO  o.s.c.c.s.e.NativeEnvironmentRepository - Adding property source: Config resource 'class path resource [application.yml]' via location 'classpath:/'
11:43:15.666 [http-nio-8888-exec-4] INFO  o.s.c.c.s.e.NativeEnvironmentRepository - Adding property source: Config resource 'class path resource [application.yml]' via location 'classpath:/'
11:43:15.813 [http-nio-8888-exec-5] INFO  o.s.c.c.s.e.NativeEnvironmentRepository - Adding property source: Config resource 'class path resource [application.yml]' via location 'classpath:/'
11:44:07.109 [http-nio-8888-exec-7] INFO  o.s.c.c.s.e.NativeEnvironmentRepository - Adding property source: Config resource 'class path resource [application.yml]' via location 'classpath:/'
11:44:07.243 [http-nio-8888-exec-8] INFO  o.s.c.c.s.e.NativeEnvironmentRepository - Adding property source: Config resource 'class path resource [application.yml]' via location 'classpath:/'
11:49:59.970 [http-nio-8888-exec-1] INFO  o.s.c.c.s.e.NativeEnvironmentRepository - Adding property source: Config resource 'class path resource [application.yml]' via location 'classpath:/'
11:50:35.395 [http-nio-8888-exec-2] INFO  o.s.c.c.s.e.NativeEnvironmentRepository - Adding property source: Config resource 'class path resource [application.yml]' via location 'classpath:/'
11:54:14.056 [http-nio-8888-exec-4] INFO  o.s.c.c.s.e.NativeEnvironmentRepository - Adding property source: Config resource 'class path resource [application.yml]' via location 'classpath:/'
12:13:07.886 [SpringContextShutdownHook] INFO  o.s.s.c.ThreadPoolTaskExecutor - Shutting down ExecutorService 'applicationTaskExecutor'
12:13:23.702 [background-preinit] INFO  o.h.validator.internal.util.Version - HV000001: Hibernate Validator 6.1.7.Final
12:13:23.924 [main] INFO  i.m.m.demo.server.ConfigServer - Starting ConfigServer using Java 12.0.2 on macs-MacBook-Pro.local with PID 22623 (/Users/ahmedsaka/Documents/microservice-demo/microservice-demo-master/config-server/target/classes started by mac in /Users/ahmedsaka/Documents/microservice-demo/microservice-demo-master)
12:13:23.930 [main] INFO  i.m.m.demo.server.ConfigServer - The following profiles are active: twitter_tokafka
12:13:27.656 [main] INFO  o.s.cloud.context.scope.GenericScope - BeanFactory id=a6d2fb1d-b4b6-3f23-80eb-ab1437f62d58
12:13:28.495 [main] INFO  o.s.b.w.e.tomcat.TomcatWebServer - Tomcat initialized with port(s): 8888 (http)
12:13:28.531 [main] INFO  o.a.coyote.http11.Http11NioProtocol - Initializing ProtocolHandler ["http-nio-8888"]
12:13:28.535 [main] INFO  o.a.catalina.core.StandardService - Starting service [Tomcat]
12:13:28.536 [main] INFO  o.a.catalina.core.StandardEngine - Starting Servlet engine: [Apache Tomcat/9.0.44]
12:13:28.832 [main] INFO  o.a.c.c.C.[Tomcat].[localhost].[/] - Initializing Spring embedded WebApplicationContext
12:13:28.833 [main] INFO  o.s.b.w.s.c.ServletWebServerApplicationContext - Root WebApplicationContext: initialization completed in 4640 ms
12:13:29.925 [main] INFO  o.s.s.c.ThreadPoolTaskExecutor - Initializing ExecutorService 'applicationTaskExecutor'
12:13:31.581 [main] WARN  o.s.b.w.s.c.AnnotationConfigServletWebServerApplicationContext - Exception encountered during context initialization - cancelling refresh attempt: org.springframework.beans.factory.BeanCreationException: Error creating bean with name 'healthContributorRegistry' defined in class path resource [org/springframework/boot/actuate/autoconfigure/health/HealthEndpointConfiguration.class]: Bean instantiation via factory method failed; nested exception is org.springframework.beans.BeanInstantiationException: Failed to instantiate [org.springframework.boot.actuate.health.HealthContributorRegistry]: Factory method 'healthContributorRegistry' threw exception; nested exception is org.springframework.beans.factory.UnsatisfiedDependencyException: Error creating bean with name 'configServerHealthIndicator' defined in class path resource [org/springframework/cloud/config/server/config/EnvironmentRepositoryConfiguration.class]: Unsatisfied dependency expressed through method 'configServerHealthIndicator' parameter 0; nested exception is org.springframework.beans.factory.UnsatisfiedDependencyException: Error creating bean with name 'org.springframework.cloud.config.server.config.CompositeConfiguration': Unsatisfied dependency expressed through method 'setEnvironmentRepos' parameter 0; nested exception is org.springframework.beans.factory.BeanCreationException: Error creating bean with name 'defaultEnvironmentRepository' defined in class path resource [org/springframework/cloud/config/server/config/DefaultRepositoryConfiguration.class]: Invocation of init method failed; nested exception is java.lang.IllegalStateException: You need to configure a uri for the git repository.
12:13:31.584 [main] INFO  o.s.s.c.ThreadPoolTaskExecutor - Shutting down ExecutorService 'applicationTaskExecutor'
12:13:31.598 [main] INFO  o.a.catalina.core.StandardService - Stopping service [Tomcat]
12:13:31.651 [main] INFO  o.s.b.a.l.ConditionEvaluationReportLoggingListener - 

Error starting ApplicationContext. To display the conditions report re-run your application with 'debug' enabled.
12:13:31.706 [main] ERROR o.s.b.d.LoggingFailureAnalysisReporter - 

***************************
APPLICATION FAILED TO START
***************************

Description:

Invalid config server configuration.

Action:

If you are using the git profile, you need to set a Git URI in your configuration.  If you are using a native profile and have spring.cloud.config.server.bootstrap=true, you need to use a composite configuration.

12:14:01.140 [background-preinit] INFO  o.h.validator.internal.util.Version - HV000001: Hibernate Validator 6.1.7.Final
12:14:01.397 [main] INFO  i.m.m.demo.server.ConfigServer - Starting ConfigServer using Java 12.0.2 on macs-MacBook-Pro.local with PID 22631 (/Users/ahmedsaka/Documents/microservice-demo/microservice-demo-master/config-server/target/classes started by mac in /Users/ahmedsaka/Documents/microservice-demo/microservice-demo-master)
12:14:01.414 [main] INFO  i.m.m.demo.server.ConfigServer - The following profiles are active: twitter_tokafka,native
12:14:06.136 [main] INFO  o.s.cloud.context.scope.GenericScope - BeanFactory id=f7713404-3bcd-34c5-af70-8ee0f97428d4
12:14:06.982 [main] INFO  o.s.b.w.e.tomcat.TomcatWebServer - Tomcat initialized with port(s): 8888 (http)
12:14:07.002 [main] INFO  o.a.coyote.http11.Http11NioProtocol - Initializing ProtocolHandler ["http-nio-8888"]
12:14:07.003 [main] INFO  o.a.catalina.core.StandardService - Starting service [Tomcat]
12:14:07.004 [main] INFO  o.a.catalina.core.StandardEngine - Starting Servlet engine: [Apache Tomcat/9.0.44]
12:14:07.281 [main] INFO  o.a.c.c.C.[Tomcat].[localhost].[/] - Initializing Spring embedded WebApplicationContext
12:14:07.282 [main] INFO  o.s.b.w.s.c.ServletWebServerApplicationContext - Root WebApplicationContext: initialization completed in 5680 ms
12:14:08.294 [main] INFO  o.s.s.c.ThreadPoolTaskExecutor - Initializing ExecutorService 'applicationTaskExecutor'
12:14:09.665 [main] INFO  o.s.b.a.e.web.EndpointLinksResolver - Exposing 2 endpoint(s) beneath base path '/actuator'
12:14:09.724 [main] INFO  o.a.coyote.http11.Http11NioProtocol - Starting ProtocolHandler ["http-nio-8888"]
12:14:09.764 [main] INFO  o.s.b.w.e.tomcat.TomcatWebServer - Tomcat started on port(s): 8888 (http) with context path ''
12:14:09.821 [main] INFO  i.m.m.demo.server.ConfigServer - Started ConfigServer in 10.51 seconds (JVM running for 11.836)
12:14:19.188 [http-nio-8888-exec-1] INFO  o.a.c.c.C.[Tomcat].[localhost].[/] - Initializing Spring DispatcherServlet 'dispatcherServlet'
12:14:19.190 [http-nio-8888-exec-1] INFO  o.s.web.servlet.DispatcherServlet - Initializing Servlet 'dispatcherServlet'
12:14:19.204 [http-nio-8888-exec-1] INFO  o.s.web.servlet.DispatcherServlet - Completed initialization in 8 ms
12:14:19.376 [http-nio-8888-exec-1] INFO  o.s.c.c.s.e.NativeEnvironmentRepository - Adding property source: Config resource 'class path resource [application.yml]' via location 'classpath:/'
12:14:37.220 [http-nio-8888-exec-2] INFO  o.s.c.c.s.e.NativeEnvironmentRepository - Adding property source: Config resource 'class path resource [application.yml]' via location 'classpath:/'
12:14:54.355 [http-nio-8888-exec-3] INFO  o.s.c.c.s.e.NativeEnvironmentRepository - Adding property source: Config resource 'class path resource [application.yml]' via location 'classpath:/'
12:17:25.213 [http-nio-8888-exec-5] INFO  o.s.c.c.s.e.NativeEnvironmentRepository - Adding property source: Config resource 'class path resource [application.yml]' via location 'classpath:/'
12:18:24.406 [http-nio-8888-exec-6] INFO  o.s.c.c.s.e.NativeEnvironmentRepository - Adding property source: Config resource 'class path resource [application.yml]' via location 'classpath:/'
12:20:30.249 [http-nio-8888-exec-8] INFO  o.s.c.c.s.e.NativeEnvironmentRepository - Adding property source: Config resource 'class path resource [application.yml]' via location 'classpath:/'
12:20:30.419 [http-nio-8888-exec-9] INFO  o.s.c.c.s.e.NativeEnvironmentRepository - Adding property source: Config resource 'class path resource [application.yml]' via location 'classpath:/'
12:20:48.080 [http-nio-8888-exec-10] INFO  o.s.c.c.s.e.NativeEnvironmentRepository - Adding property source: Config resource 'class path resource [application.yml]' via location 'classpath:/'
12:20:51.880 [http-nio-8888-exec-1] INFO  o.s.c.c.s.e.NativeEnvironmentRepository - Adding property source: Config resource 'class path resource [application.yml]' via location 'classpath:/'
12:21:18.571 [http-nio-8888-exec-3] INFO  o.s.c.c.s.e.NativeEnvironmentRepository - Adding property source: Config resource 'class path resource [application.yml]' via location 'classpath:/'
12:21:18.687 [http-nio-8888-exec-4] INFO  o.s.c.c.s.e.NativeEnvironmentRepository - Adding property source: Config resource 'class path resource [application.yml]' via location 'classpath:/'
12:21:30.919 [http-nio-8888-exec-5] INFO  o.s.c.c.s.e.NativeEnvironmentRepository - Adding property source: Config resource 'class path resource [application.yml]' via location 'classpath:/'
12:21:54.914 [http-nio-8888-exec-7] INFO  o.s.c.c.s.e.NativeEnvironmentRepository - Adding property source: Config resource 'class path resource [application.yml]' via location 'classpath:/'
12:21:55.061 [http-nio-8888-exec-8] INFO  o.s.c.c.s.e.NativeEnvironmentRepository - Adding property source: Config resource 'class path resource [application.yml]' via location 'classpath:/'
12:22:06.987 [http-nio-8888-exec-9] INFO  o.s.c.c.s.e.NativeEnvironmentRepository - Adding property source: Config resource 'class path resource [application.yml]' via location 'classpath:/'
12:22:09.441 [http-nio-8888-exec-10] INFO  o.s.c.c.s.e.NativeEnvironmentRepository - Adding property source: Config resource 'class path resource [application.yml]' via location 'classpath:/'
12:22:10.114 [http-nio-8888-exec-1] INFO  o.s.c.c.s.e.NativeEnvironmentRepository - Adding property source: Config resource 'class path resource [application.yml]' via location 'classpath:/'
12:53:24.700 [SpringContextShutdownHook] INFO  o.s.s.c.ThreadPoolTaskExecutor - Shutting down ExecutorService 'applicationTaskExecutor'
12:53:52.313 [background-preinit] INFO  o.h.validator.internal.util.Version - HV000001: Hibernate Validator 6.1.7.Final
12:53:52.414 [main] INFO  i.m.m.demo.server.ConfigServer - Starting ConfigServer using Java 12.0.2 on macs-MacBook-Pro.local with PID 23098 (/Users/ahmedsaka/Documents/microservice-demo/microservice-demo-master/config-server/target/classes started by mac in /Users/ahmedsaka/Documents/microservice-demo/microservice-demo-master)
12:53:52.421 [main] INFO  i.m.m.demo.server.ConfigServer - The following profiles are active: twitter_tokafka,native
12:53:55.517 [main] INFO  o.s.cloud.context.scope.GenericScope - BeanFactory id=38b66a2b-6dc5-3c21-9217-ba3f08f31a4f
12:53:56.174 [main] INFO  o.s.b.w.e.tomcat.TomcatWebServer - Tomcat initialized with port(s): 8888 (http)
12:53:56.193 [main] INFO  o.a.coyote.http11.Http11NioProtocol - Initializing ProtocolHandler ["http-nio-8888"]
12:53:56.194 [main] INFO  o.a.catalina.core.StandardService - Starting service [Tomcat]
12:53:56.194 [main] INFO  o.a.catalina.core.StandardEngine - Starting Servlet engine: [Apache Tomcat/9.0.44]
12:53:56.441 [main] INFO  o.a.c.c.C.[Tomcat].[localhost].[/] - Initializing Spring embedded WebApplicationContext
12:53:56.442 [main] INFO  o.s.b.w.s.c.ServletWebServerApplicationContext - Root WebApplicationContext: initialization completed in 3901 ms
12:53:57.305 [main] INFO  o.s.s.c.ThreadPoolTaskExecutor - Initializing ExecutorService 'applicationTaskExecutor'
12:53:57.789 [main] INFO  o.s.b.a.s.s.UserDetailsServiceAutoConfiguration - 

Using generated security password: 5cd0dc4b-c605-4933-a5f6-fac2cac447fe

12:53:57.947 [main] INFO  o.s.s.web.DefaultSecurityFilterChain - Will secure any request with [org.springframework.security.web.context.request.async.WebAsyncManagerIntegrationFilter@2ae3235e, org.springframework.security.web.context.SecurityContextPersistenceFilter@59e082f8, org.springframework.security.web.header.HeaderWriterFilter@2bdb5e0f, org.springframework.security.web.csrf.CsrfFilter@734fbae3, org.springframework.security.web.authentication.logout.LogoutFilter@349f0ca4, org.springframework.security.web.authentication.UsernamePasswordAuthenticationFilter@1736c1e4, org.springframework.security.web.authentication.ui.DefaultLoginPageGeneratingFilter@66f2ec1c, org.springframework.security.web.authentication.ui.DefaultLogoutPageGeneratingFilter@46b6701e, org.springframework.security.web.authentication.www.BasicAuthenticationFilter@9d99851, org.springframework.security.web.savedrequest.RequestCacheAwareFilter@44d43cc9, org.springframework.security.web.servletapi.SecurityContextHolderAwareRequestFilter@5ed25612, org.springframework.security.web.authentication.AnonymousAuthenticationFilter@3686389, org.springframework.security.web.session.SessionManagementFilter@2262f0d8, org.springframework.security.web.access.ExceptionTranslationFilter@3a588b5f, org.springframework.security.web.access.intercept.FilterSecurityInterceptor@44fb6ebd]
12:53:58.499 [main] INFO  o.s.b.a.e.web.EndpointLinksResolver - Exposing 2 endpoint(s) beneath base path '/actuator'
12:53:58.529 [main] INFO  o.a.coyote.http11.Http11NioProtocol - Starting ProtocolHandler ["http-nio-8888"]
12:53:58.554 [main] INFO  o.s.b.w.e.tomcat.TomcatWebServer - Tomcat started on port(s): 8888 (http) with context path ''
12:53:58.583 [main] INFO  i.m.m.demo.server.ConfigServer - Started ConfigServer in 7.682 seconds (JVM running for 8.727)
12:54:15.608 [http-nio-8888-exec-1] INFO  o.a.c.c.C.[Tomcat].[localhost].[/] - Initializing Spring DispatcherServlet 'dispatcherServlet'
12:54:15.608 [http-nio-8888-exec-1] INFO  o.s.web.servlet.DispatcherServlet - Initializing Servlet 'dispatcherServlet'
12:54:15.610 [http-nio-8888-exec-1] INFO  o.s.web.servlet.DispatcherServlet - Completed initialization in 2 ms
13:34:27.222 [http-nio-8888-exec-6] INFO  o.s.c.c.s.e.NativeEnvironmentRepository - Adding property source: Config resource 'class path resource [application.yml]' via location 'classpath:/'
13:34:33.563 [http-nio-8888-exec-7] INFO  o.s.c.c.s.e.NativeEnvironmentRepository - Adding property source: Config resource 'class path resource [application.yml]' via location 'classpath:/'
13:34:45.210 [http-nio-8888-exec-8] INFO  o.s.c.c.s.e.NativeEnvironmentRepository - Adding property source: Config resource 'class path resource [application.yml]' via location 'classpath:/'
13:35:56.282 [SpringContextShutdownHook] INFO  o.s.s.c.ThreadPoolTaskExecutor - Shutting down ExecutorService 'applicationTaskExecutor'
13:36:01.086 [background-preinit] INFO  o.h.validator.internal.util.Version - HV000001: Hibernate Validator 6.1.7.Final
13:36:01.142 [main] INFO  i.m.m.demo.server.ConfigServer - Starting ConfigServer using Java 12.0.2 on macs-MacBook-Pro.local with PID 23488 (/Users/ahmedsaka/Documents/microservice-demo/microservice-demo-master/config-server/target/classes started by mac in /Users/ahmedsaka/Documents/microservice-demo/microservice-demo-master)
13:36:01.144 [main] INFO  i.m.m.demo.server.ConfigServer - The following profiles are active: twitter_tokafka,native
13:36:03.956 [main] INFO  o.s.cloud.context.scope.GenericScope - BeanFactory id=38b66a2b-6dc5-3c21-9217-ba3f08f31a4f
13:36:04.692 [main] INFO  o.s.b.w.e.tomcat.TomcatWebServer - Tomcat initialized with port(s): 8888 (http)
13:36:04.710 [main] INFO  o.a.coyote.http11.Http11NioProtocol - Initializing ProtocolHandler ["http-nio-8888"]
13:36:04.711 [main] INFO  o.a.catalina.core.StandardService - Starting service [Tomcat]
13:36:04.712 [main] INFO  o.a.catalina.core.StandardEngine - Starting Servlet engine: [Apache Tomcat/9.0.44]
13:36:04.925 [main] INFO  o.a.c.c.C.[Tomcat].[localhost].[/] - Initializing Spring embedded WebApplicationContext
13:36:04.926 [main] INFO  o.s.b.w.s.c.ServletWebServerApplicationContext - Root WebApplicationContext: initialization completed in 3688 ms
13:36:05.634 [main] INFO  o.s.s.c.ThreadPoolTaskExecutor - Initializing ExecutorService 'applicationTaskExecutor'
13:36:07.048 [main] INFO  o.s.b.a.s.s.UserDetailsServiceAutoConfiguration - 

Using generated security password: 2f7932a0-76ea-4f22-8592-4e42f1aca1e8

13:36:07.252 [main] INFO  o.s.s.web.DefaultSecurityFilterChain - Will secure any request with [org.springframework.security.web.context.request.async.WebAsyncManagerIntegrationFilter@3686389, org.springframework.security.web.context.SecurityContextPersistenceFilter@44d43cc9, org.springframework.security.web.header.HeaderWriterFilter@2262f0d8, org.springframework.security.web.csrf.CsrfFilter@4a6a6a69, org.springframework.security.web.authentication.logout.LogoutFilter@b3fc6d8, org.springframework.security.web.authentication.UsernamePasswordAuthenticationFilter@738a815c, org.springframework.security.web.authentication.ui.DefaultLoginPageGeneratingFilter@12e5d3e1, org.springframework.security.web.authentication.ui.DefaultLogoutPageGeneratingFilter@71e2c6d8, org.springframework.security.web.authentication.www.BasicAuthenticationFilter@2ae3235e, org.springframework.security.web.savedrequest.RequestCacheAwareFilter@656ec00d, org.springframework.security.web.servletapi.SecurityContextHolderAwareRequestFilter@56e5c8fb, org.springframework.security.web.authentication.AnonymousAuthenticationFilter@4228f269, org.springframework.security.web.session.SessionManagementFilter@59e082f8, org.springframework.security.web.access.ExceptionTranslationFilter@2bdb5e0f, org.springframework.security.web.access.intercept.FilterSecurityInterceptor@5cdf221a]
13:36:08.003 [main] INFO  o.s.b.a.e.web.EndpointLinksResolver - Exposing 2 endpoint(s) beneath base path '/actuator'
13:36:08.033 [main] INFO  o.a.coyote.http11.Http11NioProtocol - Starting ProtocolHandler ["http-nio-8888"]
13:36:08.058 [main] INFO  o.s.b.w.e.tomcat.TomcatWebServer - Tomcat started on port(s): 8888 (http) with context path ''
13:36:08.106 [main] INFO  i.m.m.demo.server.ConfigServer - Started ConfigServer in 8.241 seconds (JVM running for 9.159)
13:36:25.366 [http-nio-8888-exec-1] INFO  o.a.c.c.C.[Tomcat].[localhost].[/] - Initializing Spring DispatcherServlet 'dispatcherServlet'
13:36:25.367 [http-nio-8888-exec-1] INFO  o.s.web.servlet.DispatcherServlet - Initializing Servlet 'dispatcherServlet'
13:36:25.371 [http-nio-8888-exec-1] INFO  o.s.web.servlet.DispatcherServlet - Completed initialization in 3 ms
13:36:38.388 [http-nio-8888-exec-5] INFO  o.s.c.c.s.e.NativeEnvironmentRepository - Adding property source: Config resource 'class path resource [application.yml]' via location 'classpath:/'
13:39:41.736 [SpringContextShutdownHook] INFO  o.s.s.c.ThreadPoolTaskExecutor - Shutting down ExecutorService 'applicationTaskExecutor'
13:39:47.781 [background-preinit] INFO  o.h.validator.internal.util.Version - HV000001: Hibernate Validator 6.1.7.Final
13:39:47.897 [main] INFO  i.m.m.demo.server.ConfigServer - Starting ConfigServer using Java 12.0.2 on macs-MacBook-Pro.local with PID 23560 (/Users/ahmedsaka/Documents/microservice-demo/microservice-demo-master/config-server/target/classes started by mac in /Users/ahmedsaka/Documents/microservice-demo/microservice-demo-master)
13:39:47.905 [main] INFO  i.m.m.demo.server.ConfigServer - The following profiles are active: twitter_tokafka,native
13:39:50.879 [main] INFO  o.s.cloud.context.scope.GenericScope - BeanFactory id=1e213ec8-c5eb-3996-b00b-ece75fc6663c
13:39:51.664 [main] INFO  o.s.b.w.e.tomcat.TomcatWebServer - Tomcat initialized with port(s): 8888 (http)
13:39:51.729 [main] INFO  o.a.coyote.http11.Http11NioProtocol - Initializing ProtocolHandler ["http-nio-8888"]
13:39:51.730 [main] INFO  o.a.catalina.core.StandardService - Starting service [Tomcat]
13:39:51.731 [main] INFO  o.a.catalina.core.StandardEngine - Starting Servlet engine: [Apache Tomcat/9.0.44]
13:39:52.184 [main] INFO  o.a.c.c.C.[Tomcat].[localhost].[/] - Initializing Spring embedded WebApplicationContext
13:39:52.187 [main] INFO  o.s.b.w.s.c.ServletWebServerApplicationContext - Root WebApplicationContext: initialization completed in 3986 ms
13:39:52.986 [main] INFO  o.s.s.c.ThreadPoolTaskExecutor - Initializing ExecutorService 'applicationTaskExecutor'
13:39:53.473 [main] WARN  o.s.b.w.s.c.AnnotationConfigServletWebServerApplicationContext - Exception encountered during context initialization - cancelling refresh attempt: org.springframework.beans.factory.UnsatisfiedDependencyException: Error creating bean with name 'managementSecurityFilterChain' defined in class path resource [org/springframework/boot/actuate/autoconfigure/security/servlet/ManagementWebSecurityAutoConfiguration.class]: Unsatisfied dependency expressed through method 'managementSecurityFilterChain' parameter 0; nested exception is org.springframework.beans.factory.NoSuchBeanDefinitionException: No qualifying bean of type 'org.springframework.security.config.annotation.web.builders.HttpSecurity' available: expected at least 1 bean which qualifies as autowire candidate. Dependency annotations: {}
13:39:53.477 [main] INFO  o.s.s.c.ThreadPoolTaskExecutor - Shutting down ExecutorService 'applicationTaskExecutor'
13:39:53.483 [main] INFO  o.a.catalina.core.StandardService - Stopping service [Tomcat]
13:39:53.510 [main] INFO  o.s.b.a.l.ConditionEvaluationReportLoggingListener - 

Error starting ApplicationContext. To display the conditions report re-run your application with 'debug' enabled.
13:39:53.541 [main] ERROR o.s.b.d.LoggingFailureAnalysisReporter - 

***************************
APPLICATION FAILED TO START
***************************

Description:

Parameter 0 of method managementSecurityFilterChain in org.springframework.boot.actuate.autoconfigure.security.servlet.ManagementWebSecurityAutoConfiguration required a bean of type 'org.springframework.security.config.annotation.web.builders.HttpSecurity' that could not be found.


Action:

Consider defining a bean of type 'org.springframework.security.config.annotation.web.builders.HttpSecurity' in your configuration.

13:40:10.608 [background-preinit] INFO  o.h.validator.internal.util.Version - HV000001: Hibernate Validator 6.1.7.Final
13:40:10.701 [main] INFO  i.m.m.demo.server.ConfigServer - Starting ConfigServer using Java 12.0.2 on macs-MacBook-Pro.local with PID 23565 (/Users/ahmedsaka/Documents/microservice-demo/microservice-demo-master/config-server/target/classes started by mac in /Users/ahmedsaka/Documents/microservice-demo/microservice-demo-master)
13:40:10.717 [main] INFO  i.m.m.demo.server.ConfigServer - The following profiles are active: twitter_tokafka,native
13:40:14.068 [main] INFO  o.s.cloud.context.scope.GenericScope - BeanFactory id=38b66a2b-6dc5-3c21-9217-ba3f08f31a4f
13:40:14.845 [main] INFO  o.s.b.w.e.tomcat.TomcatWebServer - Tomcat initialized with port(s): 8888 (http)
13:40:14.865 [main] INFO  o.a.coyote.http11.Http11NioProtocol - Initializing ProtocolHandler ["http-nio-8888"]
13:40:14.865 [main] INFO  o.a.catalina.core.StandardService - Starting service [Tomcat]
13:40:14.866 [main] INFO  o.a.catalina.core.StandardEngine - Starting Servlet engine: [Apache Tomcat/9.0.44]
13:40:15.036 [main] INFO  o.a.c.c.C.[Tomcat].[localhost].[/] - Initializing Spring embedded WebApplicationContext
13:40:15.036 [main] INFO  o.s.b.w.s.c.ServletWebServerApplicationContext - Root WebApplicationContext: initialization completed in 4167 ms
13:40:15.711 [main] INFO  o.s.s.c.ThreadPoolTaskExecutor - Initializing ExecutorService 'applicationTaskExecutor'
13:40:16.101 [main] INFO  o.s.b.a.s.s.UserDetailsServiceAutoConfiguration - 

Using generated security password: 85a279e2-ddd6-466b-b47d-6d5dfdbba66d

13:40:16.231 [main] INFO  o.s.s.web.DefaultSecurityFilterChain - Will secure any request with [org.springframework.security.web.context.request.async.WebAsyncManagerIntegrationFilter@2ae3235e, org.springframework.security.web.context.SecurityContextPersistenceFilter@59e082f8, org.springframework.security.web.header.HeaderWriterFilter@2bdb5e0f, org.springframework.security.web.csrf.CsrfFilter@734fbae3, org.springframework.security.web.authentication.logout.LogoutFilter@349f0ca4, org.springframework.security.web.authentication.UsernamePasswordAuthenticationFilter@1736c1e4, org.springframework.security.web.authentication.ui.DefaultLoginPageGeneratingFilter@66f2ec1c, org.springframework.security.web.authentication.ui.DefaultLogoutPageGeneratingFilter@46b6701e, org.springframework.security.web.authentication.www.BasicAuthenticationFilter@9d99851, org.springframework.security.web.savedrequest.RequestCacheAwareFilter@44d43cc9, org.springframework.security.web.servletapi.SecurityContextHolderAwareRequestFilter@5ed25612, org.springframework.security.web.authentication.AnonymousAuthenticationFilter@3686389, org.springframework.security.web.session.SessionManagementFilter@2262f0d8, org.springframework.security.web.access.ExceptionTranslationFilter@3a588b5f, org.springframework.security.web.access.intercept.FilterSecurityInterceptor@44fb6ebd]
13:40:16.680 [main] INFO  o.s.b.a.e.web.EndpointLinksResolver - Exposing 2 endpoint(s) beneath base path '/actuator'
13:40:16.702 [main] INFO  o.a.coyote.http11.Http11NioProtocol - Starting ProtocolHandler ["http-nio-8888"]
13:40:16.725 [main] INFO  o.s.b.w.e.tomcat.TomcatWebServer - Tomcat started on port(s): 8888 (http) with context path ''
13:40:16.749 [main] INFO  i.m.m.demo.server.ConfigServer - Started ConfigServer in 7.565 seconds (JVM running for 8.538)
13:40:39.655 [http-nio-8888-exec-1] INFO  o.a.c.c.C.[Tomcat].[localhost].[/] - Initializing Spring DispatcherServlet 'dispatcherServlet'
13:40:39.656 [http-nio-8888-exec-1] INFO  o.s.web.servlet.DispatcherServlet - Initializing Servlet 'dispatcherServlet'
13:40:39.658 [http-nio-8888-exec-1] INFO  o.s.web.servlet.DispatcherServlet - Completed initialization in 2 ms
13:41:01.287 [http-nio-8888-exec-4] INFO  o.s.c.c.s.e.NativeEnvironmentRepository - Adding property source: Config resource 'class path resource [application.yml]' via location 'classpath:/'
13:41:22.035 [http-nio-8888-exec-6] INFO  o.s.c.c.s.e.NativeEnvironmentRepository - Adding property source: Config resource 'class path resource [application.yml]' via location 'classpath:/'
15:25:47.447 [http-nio-8888-exec-7] INFO  o.s.c.c.s.e.NativeEnvironmentRepository - Adding property source: Config resource 'class path resource [application.yml]' via location 'classpath:/'
15:26:07.447 [http-nio-8888-exec-8] INFO  o.s.c.c.s.e.NativeEnvironmentRepository - Adding property source: Config resource 'class path resource [application.yml]' via location 'classpath:/'
15:26:18.447 [http-nio-8888-exec-10] INFO  o.s.c.c.s.e.NativeEnvironmentRepository - Adding property source: Config resource 'class path resource [application.yml]' via location 'classpath:/'
15:27:25.111 [http-nio-8888-exec-2] INFO  o.s.c.c.s.e.NativeEnvironmentRepository - Adding property source: Config resource 'class path resource [application.yml]' via location 'classpath:/'
15:41:55.053 [SpringContextShutdownHook] INFO  o.s.s.c.ThreadPoolTaskExecutor - Shutting down ExecutorService 'applicationTaskExecutor'
15:42:06.127 [background-preinit] INFO  o.h.validator.internal.util.Version - HV000001: Hibernate Validator 6.1.7.Final
15:42:06.487 [main] INFO  i.m.m.demo.server.ConfigServer - Starting ConfigServer using Java 12.0.2 on macs-MacBook-Pro.local with PID 24386 (/Users/ahmedsaka/Documents/microservice-demo/microservice-demo-master/config-server/target/classes started by mac in /Users/ahmedsaka/Documents/microservice-demo/microservice-demo-master)
15:42:06.506 [main] INFO  i.m.m.demo.server.ConfigServer - The following profiles are active: twitter_tokafka,native
15:42:10.758 [main] INFO  o.s.cloud.context.scope.GenericScope - BeanFactory id=b4077411-b6c9-35e0-a969-074c471f817d
15:42:10.856 [main] INFO  c.u.j.c.EnableEncryptablePropertiesBeanFactoryPostProcessor - Post-processing PropertySource instances
15:42:10.925 [main] INFO  c.u.j.EncryptablePropertySourceConverter - Converting PropertySource configurationProperties [org.springframework.boot.context.properties.source.ConfigurationPropertySourcesPropertySource] to AOP Proxy
15:42:10.926 [main] INFO  c.u.j.EncryptablePropertySourceConverter - Converting PropertySource commandLineArgs [org.springframework.core.env.SimpleCommandLinePropertySource] to EncryptableEnumerablePropertySourceWrapper
15:42:10.926 [main] INFO  c.u.j.EncryptablePropertySourceConverter - Converting PropertySource servletConfigInitParams [org.springframework.core.env.PropertySource$StubPropertySource] to EncryptablePropertySourceWrapper
15:42:10.926 [main] INFO  c.u.j.EncryptablePropertySourceConverter - Converting PropertySource servletContextInitParams [org.springframework.core.env.PropertySource$StubPropertySource] to EncryptablePropertySourceWrapper
15:42:10.927 [main] INFO  c.u.j.EncryptablePropertySourceConverter - Converting PropertySource systemProperties [org.springframework.core.env.PropertiesPropertySource] to EncryptableMapPropertySourceWrapper
15:42:10.928 [main] INFO  c.u.j.EncryptablePropertySourceConverter - Converting PropertySource systemEnvironment [org.springframework.boot.env.SystemEnvironmentPropertySourceEnvironmentPostProcessor$OriginAwareSystemEnvironmentPropertySource] to EncryptableSystemEnvironmentPropertySourceWrapper
15:42:10.928 [main] INFO  c.u.j.EncryptablePropertySourceConverter - Converting PropertySource random [org.springframework.boot.env.RandomValuePropertySource] to EncryptablePropertySourceWrapper
15:42:10.928 [main] INFO  c.u.j.EncryptablePropertySourceConverter - Converting PropertySource configServerClient [org.springframework.core.env.MapPropertySource] to EncryptableMapPropertySourceWrapper
15:42:10.929 [main] INFO  c.u.j.EncryptablePropertySourceConverter - Converting PropertySource cachedrandom [org.springframework.cloud.util.random.CachedRandomPropertySource] to EncryptablePropertySourceWrapper
15:42:10.929 [main] INFO  c.u.j.EncryptablePropertySourceConverter - Converting PropertySource springCloudClientHostInfo [org.springframework.core.env.MapPropertySource] to EncryptableMapPropertySourceWrapper
15:42:10.929 [main] INFO  c.u.j.EncryptablePropertySourceConverter - Converting PropertySource Config resource 'class path resource [application.yml]' via location 'optional:classpath:/' [org.springframework.boot.env.OriginTrackedMapPropertySource] to EncryptableMapPropertySourceWrapper
15:42:11.067 [main] INFO  c.u.j.f.DefaultLazyPropertyFilter - Property Filter custom Bean not found with name 'encryptablePropertyFilter'. Initializing Default Property Filter
15:42:12.266 [main] INFO  o.s.b.w.e.tomcat.TomcatWebServer - Tomcat initialized with port(s): 8888 (http)
15:42:12.287 [main] INFO  o.a.coyote.http11.Http11NioProtocol - Initializing ProtocolHandler ["http-nio-8888"]
15:42:12.299 [main] INFO  o.a.catalina.core.StandardService - Starting service [Tomcat]
15:42:12.300 [main] INFO  o.a.catalina.core.StandardEngine - Starting Servlet engine: [Apache Tomcat/9.0.44]
15:42:12.823 [main] INFO  o.a.c.c.C.[Tomcat].[localhost].[/] - Initializing Spring embedded WebApplicationContext
15:42:12.824 [main] INFO  o.s.b.w.s.c.ServletWebServerApplicationContext - Root WebApplicationContext: initialization completed in 5998 ms
15:42:15.108 [main] INFO  o.s.s.c.ThreadPoolTaskExecutor - Initializing ExecutorService 'applicationTaskExecutor'
15:42:16.272 [main] INFO  o.s.b.a.s.s.UserDetailsServiceAutoConfiguration - 

Using generated security password: 8670c048-871f-44c3-9840-67f6ea3ab5bf

15:42:16.713 [main] INFO  o.s.s.web.DefaultSecurityFilterChain - Will secure any request with [org.springframework.security.web.context.request.async.WebAsyncManagerIntegrationFilter@754de353, org.springframework.security.web.context.SecurityContextPersistenceFilter@5eeee124, org.springframework.security.web.header.HeaderWriterFilter@38c10190, org.springframework.security.web.csrf.CsrfFilter@67afe909, org.springframework.security.web.authentication.logout.LogoutFilter@26ffd2c0, org.springframework.security.web.authentication.UsernamePasswordAuthenticationFilter@259195fe, org.springframework.security.web.authentication.ui.DefaultLoginPageGeneratingFilter@d28c214, org.springframework.security.web.authentication.ui.DefaultLogoutPageGeneratingFilter@ee2ae9a, org.springframework.security.web.authentication.www.BasicAuthenticationFilter@1f39269d, org.springframework.security.web.savedrequest.RequestCacheAwareFilter@3d1c52f5, org.springframework.security.web.servletapi.SecurityContextHolderAwareRequestFilter@3095d401, org.springframework.security.web.authentication.AnonymousAuthenticationFilter@58b97c15, org.springframework.security.web.session.SessionManagementFilter@2a7ebe07, org.springframework.security.web.access.ExceptionTranslationFilter@43deba42, org.springframework.security.web.access.intercept.FilterSecurityInterceptor@4597e6e3]
15:42:17.553 [main] INFO  c.u.j.r.DefaultLazyPropertyResolver - Property Resolver custom Bean not found with name 'encryptablePropertyResolver'. Initializing Default Property Resolver
15:42:17.564 [main] INFO  c.u.j.d.DefaultLazyPropertyDetector - Property Detector custom Bean not found with name 'encryptablePropertyDetector'. Initializing Default Property Detector
15:42:18.017 [main] INFO  o.s.b.a.e.web.EndpointLinksResolver - Exposing 2 endpoint(s) beneath base path '/actuator'
15:42:18.102 [main] INFO  o.a.coyote.http11.Http11NioProtocol - Starting ProtocolHandler ["http-nio-8888"]
15:42:18.151 [main] INFO  o.s.b.w.e.tomcat.TomcatWebServer - Tomcat started on port(s): 8888 (http) with context path ''
15:42:18.217 [main] INFO  i.m.m.demo.server.ConfigServer - Started ConfigServer in 15.121 seconds (JVM running for 17.562)
15:42:38.824 [http-nio-8888-exec-1] INFO  o.a.c.c.C.[Tomcat].[localhost].[/] - Initializing Spring DispatcherServlet 'dispatcherServlet'
15:42:38.828 [http-nio-8888-exec-1] INFO  o.s.web.servlet.DispatcherServlet - Initializing Servlet 'dispatcherServlet'
15:42:38.840 [http-nio-8888-exec-1] INFO  o.s.web.servlet.DispatcherServlet - Completed initialization in 10 ms
